<?xml version="1.0" encoding="UTF-8"?>
<testng-results ignored="0" total="1" passed="1" failed="0" skipped="0">
  <reporter-output>
  </reporter-output>
  <suite started-at="2018-09-11T23:25:49Z" name="Xero Application Test Suite" finished-at="2018-09-11T23:26:08Z" duration-ms="19024">
    <groups>
    </groups>
    <test started-at="2018-09-11T23:25:49Z" name="Free CRM App Test Cases" finished-at="2018-09-11T23:26:08Z" duration-ms="19024">
      <class name="com.xero.qa.testcases.LoginPageTest">
        <test-method is-config="true" signature="before()[pri:0, instance:com.xero.qa.testcases.LoginPageTest@15ca7889]" started-at="2018-09-11T23:25:49Z" name="before" finished-at="2018-09-11T23:25:49Z" duration-ms="653" status="PASS">
          <reporter-output>
          </reporter-output>
        </test-method> <!-- before -->
        <test-method is-config="true" signature="setUp(java.lang.reflect.Method)[pri:0, instance:com.xero.qa.testcases.LoginPageTest@15ca7889]" started-at="2018-09-11T23:25:49Z" name="setUp" finished-at="2018-09-11T23:25:49Z" duration-ms="12" status="PASS">
          <params>
            <param index="0">
              <value>
                <![CDATA[public void com.xero.qa.testcases.LoginPageTest.SignUpXero()]]>
              </value>
            </param>
          </params>
          <reporter-output>
          </reporter-output>
        </test-method> <!-- setUp -->
        <test-method is-config="true" signature="SetUp()[pri:0, instance:com.xero.qa.testcases.LoginPageTest@15ca7889]" started-at="2018-09-11T23:25:49Z" name="SetUp" finished-at="2018-09-11T23:26:04Z" duration-ms="14413" status="PASS">
          <reporter-output>
          </reporter-output>
        </test-method> <!-- SetUp -->
        <test-method signature="SignUpXero()[pri:0, instance:com.xero.qa.testcases.LoginPageTest@15ca7889]" started-at="2018-09-11T23:26:04Z" name="SignUpXero" finished-at="2018-09-11T23:26:08Z" duration-ms="4193" status="PASS">
          <reporter-output>
          </reporter-output>
        </test-method> <!-- SignUpXero -->
        <test-method is-config="true" signature="tearDown()[pri:0, instance:com.xero.qa.testcases.LoginPageTest@15ca7889]" started-at="2018-09-11T23:26:08Z" name="tearDown" finished-at="2018-09-11T23:26:08Z" duration-ms="369" status="PASS">
          <reporter-output>
          </reporter-output>
        </test-method> <!-- tearDown -->
        <test-method is-config="true" signature="getResult(org.testng.ITestResult)[pri:0, instance:com.xero.qa.testcases.LoginPageTest@15ca7889]" started-at="2018-09-11T23:26:08Z" name="getResult" finished-at="2018-09-11T23:26:08Z" duration-ms="1" status="PASS">
          <params>
            <param index="0">
              <value>
                <![CDATA[[TestResult name=SignUpXero status=SUCCESS method=LoginPageTest.SignUpXero()[pri:0, instance:com.xero.qa.testcases.LoginPageTest@15ca7889] output={null}]]]>
              </value>
            </param>
          </params>
          <reporter-output>
          </reporter-output>
        </test-method> <!-- getResult -->
        <test-method is-config="true" signature="after()[pri:0, instance:com.xero.qa.testcases.LoginPageTest@15ca7889]" started-at="2018-09-11T23:26:08Z" name="after" finished-at="2018-09-11T23:26:10Z" duration-ms="1251" status="PASS">
          <reporter-output>
          </reporter-output>
        </test-method> <!-- after -->
      </class> <!-- com.xero.qa.testcases.LoginPageTest -->
    </test> <!-- Free CRM App Test Cases -->
  </suite> <!-- Xero Application Test Suite -->
</testng-results>
