<?xml version="1.0" encoding="UTF-8"?>
<!-- Generated by org.testng.reporters.JUnitXMLReporter -->
<testsuite ignored="0" hostname="Vihaans-MacBook-Air.local" failures="0" tests="1" name="Free CRM App Test Cases" time="1.302" errors="0" timestamp="17 Sep 2018 18:08:44 GMT">
  <testcase classname="com.xero.qa.base.TestBase" name="@BeforeSuite before" time="0.497">
    <failure type="java.lang.NullPointerException">
      <![CDATA[java.lang.NullPointerException
at com.xero.qa.base.TestBase.reportLog(TestBase.java:122)
at com.xero.qa.base.TestBase.before(TestBase.java:83)
... Removed 20 stack frames]]>
    </failure>
  </testcase> <!-- @BeforeSuite before -->
  <testcase classname="com.xero.qa.base.TestBase" name="@BeforeMethod setUp" time="0.0">
    <skipped/>
  </testcase> <!-- @BeforeMethod setUp -->
  <testcase classname="com.xero.qa.testcases.LoginPageTest" name="@BeforeMethod SetUp" time="0.0">
    <skipped/>
  </testcase> <!-- @BeforeMethod SetUp -->
  <testcase classname="com.xero.qa.testcases.LoginPageTest" name="@AfterMethod tearDown" time="0.0">
    <skipped/>
  </testcase> <!-- @AfterMethod tearDown -->
  <testcase classname="com.xero.qa.base.TestBase" name="@AfterMethod getResult" time="0.0">
    <skipped/>
  </testcase> <!-- @AfterMethod getResult -->
  <testcase classname="com.xero.qa.testcases.LoginPageTest" name="SignUpXero" time="0.0">
    <skipped/>
  </testcase> <!-- SignUpXero -->
</testsuite> <!-- Free CRM App Test Cases -->
